\BOOKMARK [0][-]{chapter.1}{\376\377\0001\000\040\000U\000v\000o\000d}{}% 1
\BOOKMARK [0][-]{chapter.2}{\376\377\0002\000\040\000O\000p\000i\000s\000\040\000a\000p\000l\000i\000k\000a\000c\000i\000j\000s\000k\000e\000\040\000d\000o\000m\000e\000n\000e}{}% 2
\BOOKMARK [1][-]{section.2.1}{\376\377\0002\000.\0001\000\040\000T\000e\000m\000e\000l\000j\000n\000i\000\040\000k\000o\000n\000c\000e\000p\000t\000i\000\040\000d\000o\000m\000e\000n\000e}{chapter.2}% 3
\BOOKMARK [1][-]{section.2.2}{\376\377\0002\000.\0002\000\040\000R\000e\000l\000a\000c\000i\000j\000e\000\040\000i\000\040\000p\000r\000a\000v\000i\000l\000a\000\040\000d\000o\000m\000e\000n\000e}{chapter.2}% 4
\BOOKMARK [1][-]{section.2.3}{\376\377\0002\000.\0003\000\040\000A\000u\000d\000i\000t\000\040\000i\000\040\000p\000r\000a\001\007\000e\000n\000j\000e\000\040\000a\000k\000t\000i\000v\000n\000o\000s\000t\000i}{chapter.2}% 5
\BOOKMARK [0][-]{chapter.3}{\376\377\0003\000\040\000T\000e\000o\000r\000i\000j\000s\000k\000i\000\040\000u\000v\000o\000d}{}% 6
\BOOKMARK [1][-]{section.3.1}{\376\377\0003\000.\0001\000\040\000O\000b\000j\000e\000k\000t\000n\000o\000-\000r\000e\000l\000a\000c\000i\000j\000s\000k\000e\000\040\000b\000a\000z\000e\000\040\000p\000o\000d\000a\000t\000a\000k\000a}{chapter.3}% 7
\BOOKMARK [1][-]{section.3.2}{\376\377\0003\000.\0002\000\040\000P\000r\000i\000m\000j\000e\000n\000a\000\040\000o\000b\000j\000e\000k\000t\000n\000o\000-\000r\000e\000l\000a\000c\000i\000j\000s\000k\000o\000g\000\040\000p\000r\000i\000s\000t\000u\000p\000a\000\040\000u\000\040\000p\000r\000o\000j\000e\000k\000t\000u}{chapter.3}% 8
\BOOKMARK [1][-]{section.3.3}{\376\377\0003\000.\0003\000\040\000R\000B\000A\000C\000\040\000m\000o\000d\000e\000l\000\040\000k\000o\000n\000t\000r\000o\000l\000e\000\040\000p\000r\000i\000s\000t\000u\000p\000a}{chapter.3}% 9
\BOOKMARK [1][-]{section.3.4}{\376\377\0003\000.\0004\000\040\000A\000u\000d\000i\000t\000\040\000k\000a\000o\000\040\000s\000i\000g\000u\000r\000n\000o\000s\000n\000i\000\040\000m\000e\000h\000a\000n\000i\000z\000a\000m}{chapter.3}% 10
\BOOKMARK [0][-]{chapter.4}{\376\377\0004\000\040\000M\000o\000d\000e\000l\000\040\000b\000a\000z\000e\000\040\000p\000o\000d\000a\000t\000a\000k\000a}{}% 11
\BOOKMARK [1][-]{section.4.1}{\376\377\0004\000.\0001\000\040\000K\000o\000n\000c\000e\000p\000t\000u\000a\000l\000n\000i\000\040\000m\000o\000d\000e\000l}{chapter.4}% 12
\BOOKMARK [1][-]{section.4.2}{\376\377\0004\000.\0002\000\040\000O\000p\000i\000s\000\040\000e\000n\000t\000i\000t\000e\000t\000a}{chapter.4}% 13
\BOOKMARK [2][-]{subsection.4.2.1}{\376\377\0004\000.\0002\000.\0001\000\040\000K\000o\000r\000i\000s\000n\000i\000k}{section.4.2}% 14
\BOOKMARK [2][-]{subsection.4.2.2}{\376\377\0004\000.\0002\000.\0002\000\040\000U\000l\000o\000g\000a}{section.4.2}% 15
\BOOKMARK [2][-]{subsection.4.2.3}{\376\377\0004\000.\0002\000.\0003\000\040\000D\000o\000z\000v\000o\000l\000a}{section.4.2}% 16
\BOOKMARK [2][-]{subsection.4.2.4}{\376\377\0004\000.\0002\000.\0004\000\040\000A\000u\000d\000i\000t\000\040\000z\000a\000p\000i\000s}{section.4.2}% 17
\BOOKMARK [1][-]{section.4.3}{\376\377\0004\000.\0003\000\040\000R\000e\000l\000a\000c\000i\000j\000e\000\040\000i\000z\000m\000e\001\021\000u\000\040\000e\000n\000t\000i\000t\000e\000t\000a}{chapter.4}% 18
\BOOKMARK [1][-]{section.4.4}{\376\377\0004\000.\0004\000\040\000L\000o\000g\000i\001\015\000k\000i\000\040\000\050\000r\000e\000l\000a\000c\000i\000j\000s\000k\000i\000\051\000\040\000m\000o\000d\000e\000l}{chapter.4}% 19
\BOOKMARK [1][-]{section.4.5}{\376\377\0004\000.\0005\000\040\000P\000o\000g\000l\000e\000d\000i\000\040\000i\000\040\000a\000u\000t\000o\000m\000a\000t\000i\000z\000a\000c\000i\000j\000a}{chapter.4}% 20
\BOOKMARK [0][-]{chapter.5}{\376\377\0005\000\040\000I\000m\000p\000l\000e\000m\000e\000n\000t\000a\000c\000i\000j\000a}{}% 21
\BOOKMARK [1][-]{section.5.1}{\376\377\0005\000.\0001\000\040\000I\000m\000p\000l\000e\000m\000e\000n\000t\000a\000c\000i\000j\000a\000\040\000b\000a\000z\000e\000\040\000p\000o\000d\000a\000t\000a\000k\000a}{chapter.5}% 22
\BOOKMARK [2][-]{subsection.5.1.1}{\376\377\0005\000.\0001\000.\0001\000\040\000P\000o\000g\000l\000e\000d\000i\000\040\000\050\000v\000i\000e\000w\000s\000\051}{section.5.1}% 23
\BOOKMARK [2][-]{subsection.5.1.2}{\376\377\0005\000.\0001\000.\0002\000\040\000A\000u\000d\000i\000t\000\040\000i\000\040\000o\000k\000i\000d\000a\001\015\000i}{section.5.1}% 24
\BOOKMARK [1][-]{section.5.2}{\376\377\0005\000.\0002\000\040\000I\000m\000p\000l\000e\000m\000e\000n\000t\000a\000c\000i\000j\000a\000\040\000a\000p\000l\000i\000k\000a\000c\000i\000j\000s\000k\000o\000g\000\040\000s\000l\000o\000j\000a}{chapter.5}% 25
\BOOKMARK [2][-]{subsection.5.2.1}{\376\377\0005\000.\0002\000.\0001\000\040\000A\000u\000t\000e\000n\000t\000i\000k\000a\000c\000i\000j\000a\000\040\000k\000o\000r\000i\000s\000n\000i\000k\000a}{section.5.2}% 26
\BOOKMARK [2][-]{subsection.5.2.2}{\376\377\0005\000.\0002\000.\0002\000\040\000A\000u\000t\000o\000r\000i\000z\000a\000c\000i\000j\000a\000\040\000i\000\040\000R\000B\000A\000C}{section.5.2}% 27
\BOOKMARK [2][-]{subsection.5.2.3}{\376\377\0005\000.\0002\000.\0003\000\040\000K\000o\000r\000i\000s\000n\000i\001\015\000k\000o\000\040\000s\000u\001\015\000e\000l\000j\000e}{section.5.2}% 28
\BOOKMARK [0][-]{chapter.6}{\376\377\0006\000\040\000P\000r\000i\000m\000j\000e\000r\000i\000\040\000k\000o\000r\000i\001\141\000t\000e\000n\000j\000a}{}% 29
\BOOKMARK [1][-]{section.6.1}{\376\377\0006\000.\0001\000\040\000P\000r\000i\000j\000a\000v\000a\000\040\000k\000o\000r\000i\000s\000n\000i\000k\000a\000\040\000u\000\040\000s\000u\000s\000t\000a\000v}{chapter.6}% 30
\BOOKMARK [1][-]{section.6.2}{\376\377\0006\000.\0002\000\040\000P\000r\000e\000g\000l\000e\000d\000\040\000p\000o\001\015\000e\000t\000n\000e\000\040\000s\000t\000r\000a\000n\000i\000c\000e}{chapter.6}% 31
\BOOKMARK [1][-]{section.6.3}{\376\377\0006\000.\0003\000\040\000P\000r\000e\000g\000l\000e\000d\000\040\000k\000o\000r\000i\000s\000n\000i\000k\000a}{chapter.6}% 32
\BOOKMARK [1][-]{section.6.4}{\376\377\0006\000.\0004\000\040\000D\000o\000d\000a\000v\000a\000n\000j\000e\000\040\000n\000o\000v\000o\000g\000\040\000k\000o\000r\000i\000s\000n\000i\000k\000a}{chapter.6}% 33
\BOOKMARK [1][-]{section.6.5}{\376\377\0006\000.\0005\000\040\000B\000r\000i\000s\000a\000n\000j\000e\000\040\000k\000o\000r\000i\000s\000n\000i\000k\000a}{chapter.6}% 34
\BOOKMARK [1][-]{section.6.6}{\376\377\0006\000.\0006\000\040\000P\000r\000e\000g\000l\000e\000d\000\040\000u\000l\000o\000g\000a\000\040\000i\000\040\000d\000o\000z\000v\000o\000l\000a}{chapter.6}% 35
\BOOKMARK [1][-]{section.6.7}{\376\377\0006\000.\0007\000\040\000P\000r\000e\000g\000l\000e\000d\000\040\000a\000u\000d\000i\000t\000\040\000z\000a\000p\000i\000s\000a}{chapter.6}% 36
\BOOKMARK [0][-]{chapter.7}{\376\377\0007\000\040\000Z\000a\000k\000l\000j\000u\001\015\000a\000k}{}% 37
\BOOKMARK [0][-]{chapter*.7}{\376\377\000P\000o\000p\000i\000s\000\040\000l\000i\000t\000e\000r\000a\000t\000u\000r\000e}{}% 38
\BOOKMARK [0][-]{chapter*.8}{\376\377\000P\000o\000p\000i\000s\000\040\000s\000l\000i\000k\000a}{}% 39
\BOOKMARK [0][-]{chapter*.9}{\376\377\000P\000o\000p\000i\000s\000\040\000i\000s\000j\000e\001\015\000a\000k\000a\000\040\000k\000o\000d\000a}{}% 40
